<?xml version="1.0" encoding="UTF-8"?>
<!-- Generated by org.testng.reporters.JUnitReportReporter -->
<testsuite hostname="NiceKidsLaptop" failures="0" tests="5" name="qa.cart.testPages.HomePageTest" time="1.322" errors="0" timestamp="2025-04-02T10:43:37 EDT" skipped="0">
  <testcase classname="qa.cart.testPages.HomePageTest" name="homePageTitleTest" time="0.011"/>
  <testcase classname="qa.cart.testPages.HomePageTest" name="searchTest" time="0.425"/>
  <testcase classname="qa.cart.testPages.HomePageTest" name="searchTest" time="0.444"/>
  <testcase classname="qa.cart.testPages.HomePageTest" name="homePageURLTest" time="0.001"/>
  <testcase classname="qa.cart.testPages.HomePageTest" name="searchTest" time="0.441"/>
</testsuite> <!-- qa.cart.testPages.HomePageTest -->
