<?xml version="1.0" encoding="UTF-8"?>
<!-- Generated by org.testng.reporters.JUnitReportReporter -->
<testsuite hostname="NiceKidsLaptop" failures="0" tests="4" name="qa.cart.testPages.LoginPageTest" time="1.200" errors="0" timestamp="2025-04-02T09:03:41 EDT" skipped="0">
  <testcase classname="qa.cart.testPages.LoginPageTest" name="loginPageNavigationTest" time="0.463"/>
  <testcase classname="qa.cart.testPages.LoginPageTest" name="verifyTitle" time="0.011"/>
  <testcase classname="qa.cart.testPages.LoginPageTest" name="verifyForgotPasswordLinkTest" time="0.013"/>
  <testcase classname="qa.cart.testPages.LoginPageTest" name="verifyLogin" time="0.713"/>
</testsuite> <!-- qa.cart.testPages.LoginPageTest -->
